<?xml version="1.0" encoding="UTF-8"?>
<testng-results skipped="0" failed="0" total="1" passed="1">
  <reporter-output>
  </reporter-output>
  <suite name="Suite" duration-ms="8718" started-at="2019-08-20T15:07:51Z" finished-at="2019-08-20T15:08:00Z">
    <groups>
    </groups>
    <test name="Test" duration-ms="8718" started-at="2019-08-20T15:07:51Z" finished-at="2019-08-20T15:08:00Z">
      <class name="qsp.D1">
        <test-method status="PASS" signature="test1()[pri:0, instance:qsp.D1@490d6c15]" name="test1" duration-ms="8697" started-at="2019-08-20T20:37:51Z" finished-at="2019-08-20T20:38:00Z">
          <reporter-output>
          </reporter-output>
        </test-method> <!-- test1 -->
      </class> <!-- qsp.D1 -->
    </test> <!-- Test -->
  </suite> <!-- Suite -->
</testng-results>
